This is pdfTeX, Version 3.14159265-2.6-1.40.19 (MiKTeX 2.9.6930) (preloaded format=pdflatex 2019.1.30)  25 MAR 2019 19:30
entering extended mode
**./Thesis.tex
(Thesis.tex
LaTeX2e <2018-12-01>

("/Users/nmd02/Library/Application Support/MiKTeX/texmfs/install/tex/latex/base
/book.cls"
Document Class: book 2018/09/03 v1.4i Standard LaTeX document class

("/Users/nmd02/Library/Application Support/MiKTeX/texmfs/install/tex/latex/base
/bk11.clo"
File: bk11.clo 2018/09/03 v1.4i Standard LaTeX file (size option)
)
\c@part=\count80
\c@chapter=\count81
\c@section=\count82
\c@subsection=\count83
\c@subsubsection=\count84
\c@paragraph=\count85
\c@subparagraph=\count86
\c@figure=\count87
\c@table=\count88
\abovecaptionskip=\skip41
\belowcaptionskip=\skip42
\bibindent=\dimen102
)
("/Users/nmd02/Library/Application Support/MiKTeX/texmfs/install/tex/generic/ba
bel/babel.sty"
Package: babel 2018/11/13 3.27 The Babel package

("/Users/nmd02/Library/Application Support/MiKTeX/texmfs/install/tex/generic/ba
bel/switch.def"
File: switch.def 2018/11/13 3.27 Babel switching mechanism
)
*************************************
* Local config file bblopts.cfg used
*

("/Users/nmd02/Library/Application Support/MiKTeX/texmfs/install/tex/latex/arab
i/bblopts.cfg"
File: bblopts.cfg 2005/09/08 v0.1 add Arabic and Farsi to "declared" options of
 babel
)
("/Users/nmd02/Library/Application Support/MiKTeX/texmfs/install/tex/latex/babe
l-swedish/swedish.ldf"
Language: swedish 2005/03/31 v2.3d Swedish support from the babel system

("/Users/nmd02/Library/Application Support/MiKTeX/texmfs/install/tex/generic/ba
bel/babel.def"
File: babel.def 2018/11/13 3.27 Babel common definitions
\babel@savecnt=\count89
\U@D=\dimen103

("/Users/nmd02/Library/Application Support/MiKTeX/texmfs/install/tex/generic/ba
bel/txtbabel.def")
\bbl@dirlevel=\count90
)

Package babel Warning: No hyphenation patterns were preloaded for
(babel)                the language `Swedish' into the format.
(babel)                Please, configure your TeX system to add them and
(babel)                rebuild the format. Now I will use the patterns
(babel)                preloaded for \language=0 instead on input line 49.

\l@swedish = a dialect from \language0
Package babel Info: Making " an active character on input line 90.
)
("/Users/nmd02/Library/Application Support/MiKTeX/texmfs/install/tex/latex/babe
l-english/english.ldf"
Language: english 2017/06/06 v3.3r English support from the babel system
\l@british = a dialect from \language\l@english 
\l@UKenglish = a dialect from \language\l@english 
\l@american = a dialect from \language\l@english 
\l@canadian = a dialect from \language\l@american 
\l@australian = a dialect from \language\l@british 
\l@newzealand = a dialect from \language\l@british 
))
("/Users/nmd02/Library/Application Support/MiKTeX/texmfs/install/tex/latex/base
/inputenc.sty"
Package: inputenc 2018/08/11 v1.3c Input encoding file
\inpenc@prehook=\toks14
\inpenc@posthook=\toks15

("/Users/nmd02/Library/Application Support/MiKTeX/texmfs/install/tex/latex/base
/latin1.def"
File: latin1.def 2018/08/11 v1.3c Input encoding file
))
("/Users/nmd02/Library/Application Support/MiKTeX/texmfs/install/tex/latex/base
/fontenc.sty"
Package: fontenc 2018/08/11 v2.0j Standard LaTeX package

("/Users/nmd02/Library/Application Support/MiKTeX/texmfs/install/tex/latex/base
/t1enc.def"
File: t1enc.def 2018/08/11 v2.0j Standard LaTeX file
LaTeX Font Info:    Redeclaring font encoding T1 on input line 48.
))
("/Users/nmd02/Library/Application Support/MiKTeX/texmfs/install/tex/latex/psnf
ss/mathptmx.sty"
Package: mathptmx 2005/04/12 PSNFSS-v9.2a Times w/ Math, improved (SPQR, WaS) 
LaTeX Font Info:    Redeclaring symbol font `operators' on input line 28.
LaTeX Font Info:    Overwriting symbol font `operators' in version `normal'
(Font)                  OT1/cmr/m/n --> OT1/ztmcm/m/n on input line 28.
LaTeX Font Info:    Overwriting symbol font `operators' in version `bold'
(Font)                  OT1/cmr/bx/n --> OT1/ztmcm/m/n on input line 28.
LaTeX Font Info:    Redeclaring symbol font `letters' on input line 29.
LaTeX Font Info:    Overwriting symbol font `letters' in version `normal'
(Font)                  OML/cmm/m/it --> OML/ztmcm/m/it on input line 29.
LaTeX Font Info:    Overwriting symbol font `letters' in version `bold'
(Font)                  OML/cmm/b/it --> OML/ztmcm/m/it on input line 29.
LaTeX Font Info:    Redeclaring symbol font `symbols' on input line 30.
LaTeX Font Info:    Overwriting symbol font `symbols' in version `normal'
(Font)                  OMS/cmsy/m/n --> OMS/ztmcm/m/n on input line 30.
LaTeX Font Info:    Overwriting symbol font `symbols' in version `bold'
(Font)                  OMS/cmsy/b/n --> OMS/ztmcm/m/n on input line 30.
LaTeX Font Info:    Redeclaring symbol font `largesymbols' on input line 31.
LaTeX Font Info:    Overwriting symbol font `largesymbols' in version `normal'
(Font)                  OMX/cmex/m/n --> OMX/ztmcm/m/n on input line 31.
LaTeX Font Info:    Overwriting symbol font `largesymbols' in version `bold'
(Font)                  OMX/cmex/m/n --> OMX/ztmcm/m/n on input line 31.
\symbold=\mathgroup4
\symitalic=\mathgroup5
LaTeX Font Info:    Redeclaring math alphabet \mathbf on input line 34.
LaTeX Font Info:    Overwriting math alphabet `\mathbf' in version `normal'
(Font)                  OT1/cmr/bx/n --> OT1/ptm/bx/n on input line 34.
LaTeX Font Info:    Overwriting math alphabet `\mathbf' in version `bold'
(Font)                  OT1/cmr/bx/n --> OT1/ptm/bx/n on input line 34.
LaTeX Font Info:    Redeclaring math alphabet \mathit on input line 35.
LaTeX Font Info:    Overwriting math alphabet `\mathit' in version `normal'
(Font)                  OT1/cmr/m/it --> OT1/ptm/m/it on input line 35.
LaTeX Font Info:    Overwriting math alphabet `\mathit' in version `bold'
(Font)                  OT1/cmr/bx/it --> OT1/ptm/m/it on input line 35.
LaTeX Info: Redefining \hbar on input line 50.
)
("/Users/nmd02/Library/Application Support/MiKTeX/texmfs/install/tex/latex/psnf
ss/helvet.sty"
Package: helvet 2005/04/12 PSNFSS-v9.2a (WaS) 

("/Users/nmd02/Library/Application Support/MiKTeX/texmfs/install/tex/latex/grap
hics/keyval.sty"
Package: keyval 2014/10/28 v1.15 key=value parser (DPC)
\KV@toks@=\toks16
))
("/Users/nmd02/Library/Application Support/MiKTeX/texmfs/install/tex/latex/psnf
ss/courier.sty"
Package: courier 2005/04/12 PSNFSS-v9.2a (WaS) 
) (Thesis.sty
("/Users/nmd02/Library/Application Support/MiKTeX/texmfs/install/tex/latex/geom
etry-de/geometry.sty"
Package: geometry 2010/09/12 v5.6 Page Geometry

("/Users/nmd02/Library/Application Support/MiKTeX/texmfs/install/tex/generic/ob
erdiek/ifpdf.sty"
Package: ifpdf 2018/09/07 v3.3 Provides the ifpdf switch
)
("/Users/nmd02/Library/Application Support/MiKTeX/texmfs/install/tex/generic/ob
erdiek/ifvtex.sty"
Package: ifvtex 2016/05/16 v1.6 Detect VTeX and its facilities (HO)
Package ifvtex Info: VTeX not detected.
)
("/Users/nmd02/Library/Application Support/MiKTeX/texmfs/install/tex/generic/if
xetex/ifxetex.sty"
Package: ifxetex 2010/09/12 v0.6 Provides ifxetex conditional
)
\Gm@cnth=\count91
\Gm@cntv=\count92
\c@Gm@tempcnt=\count93
\Gm@bindingoffset=\dimen104
\Gm@wd@mp=\dimen105
\Gm@odd@mp=\dimen106
\Gm@even@mp=\dimen107
\Gm@layoutwidth=\dimen108
\Gm@layoutheight=\dimen109
\Gm@layouthoffset=\dimen110
\Gm@layoutvoffset=\dimen111
\Gm@dimlist=\toks17

("/Users/nmd02/Library/Application Support/MiKTeX/texmfs/install/tex/latex/geom
etry/geometry.cfg"))
("/Users/nmd02/Library/Application Support/MiKTeX/texmfs/install/tex/latex/base
/fontenc.sty"
Package: fontenc 2018/08/11 v2.0j Standard LaTeX package

("/Users/nmd02/Library/Application Support/MiKTeX/texmfs/install/tex/latex/base
/t1enc.def"
File: t1enc.def 2018/08/11 v2.0j Standard LaTeX file
LaTeX Font Info:    Redeclaring font encoding T1 on input line 48.
)) (caption.sty
Package: caption 2004/07/16 v3.0c Customising captions (AS)
\captionmargin=\dimen112
\captionwidth=\dimen113
\captionindent=\dimen114
\captionparindent=\dimen115
\captionhangindent=\dimen116
)
\c@romanlistc=\count94
\c@enu=\count95
)
("/Users/nmd02/Library/Application Support/MiKTeX/texmfs/install/tex/latex/grap
hics/graphicx.sty"
Package: graphicx 2017/06/01 v1.1a Enhanced LaTeX Graphics (DPC,SPQR)

("/Users/nmd02/Library/Application Support/MiKTeX/texmfs/install/tex/latex/grap
hics/graphics.sty"
Package: graphics 2017/06/25 v1.2c Standard LaTeX Graphics (DPC,SPQR)

("/Users/nmd02/Library/Application Support/MiKTeX/texmfs/install/tex/latex/grap
hics/trig.sty"
Package: trig 2016/01/03 v1.10 sin cos tan (DPC)
)
("/Users/nmd02/Library/Application Support/MiKTeX/texmfs/install/tex/latex/grap
hics-cfg/graphics.cfg"
File: graphics.cfg 2016/06/04 v1.11 sample graphics configuration
)
Package graphics Info: Driver file: pdftex.def on input line 99.

("/Users/nmd02/Library/Application Support/MiKTeX/texmfs/install/tex/latex/grap
hics-def/pdftex.def"
File: pdftex.def 2018/01/08 v1.0l Graphics/color driver for pdftex
))
\Gin@req@height=\dimen117
\Gin@req@width=\dimen118
)
("/Users/nmd02/Library/Application Support/MiKTeX/texmfs/install/tex/latex/book
tabs/booktabs.sty"
Package: booktabs 2005/04/14 v1.61803 publication quality tables
\heavyrulewidth=\dimen119
\lightrulewidth=\dimen120
\cmidrulewidth=\dimen121
\belowrulesep=\dimen122
\belowbottomsep=\dimen123
\aboverulesep=\dimen124
\abovetopsep=\dimen125
\cmidrulesep=\dimen126
\cmidrulekern=\dimen127
\defaultaddspace=\dimen128
\@cmidla=\count96
\@cmidlb=\count97
\@aboverulesep=\dimen129
\@belowrulesep=\dimen130
\@thisruleclass=\count98
\@lastruleclass=\count99
\@thisrulewidth=\dimen131
)
("/Users/nmd02/Library/Application Support/MiKTeX/texmfs/install/tex/latex/hype
rref/hyperref.sty"
Package: hyperref 2018/11/30 v6.88e Hypertext links for LaTeX

("/Users/nmd02/Library/Application Support/MiKTeX/texmfs/install/tex/generic/ob
erdiek/hobsub-hyperref.sty"
Package: hobsub-hyperref 2016/05/16 v1.14 Bundle oberdiek, subset hyperref (HO)


("/Users/nmd02/Library/Application Support/MiKTeX/texmfs/install/tex/generic/ob
erdiek/hobsub-generic.sty"
Package: hobsub-generic 2016/05/16 v1.14 Bundle oberdiek, subset generic (HO)
Package: hobsub 2016/05/16 v1.14 Construct package bundles (HO)
Package: infwarerr 2016/05/16 v1.4 Providing info/warning/error messages (HO)
Package: ltxcmds 2016/05/16 v1.23 LaTeX kernel commands for general use (HO)
Package: ifluatex 2016/05/16 v1.4 Provides the ifluatex switch (HO)
Package ifluatex Info: LuaTeX not detected.
Package hobsub Info: Skipping package `ifvtex' (already loaded).
Package: intcalc 2016/05/16 v1.2 Expandable calculations with integers (HO)
Package hobsub Info: Skipping package `ifpdf' (already loaded).
Package: etexcmds 2016/05/16 v1.6 Avoid name clashes with e-TeX commands (HO)
Package: kvsetkeys 2016/05/16 v1.17 Key value parser (HO)
Package: kvdefinekeys 2016/05/16 v1.4 Define keys (HO)
Package: pdftexcmds 2018/09/10 v0.29 Utility functions of pdfTeX for LuaTeX (HO
)
Package pdftexcmds Info: LuaTeX not detected.
Package pdftexcmds Info: \pdf@primitive is available.
Package pdftexcmds Info: \pdf@ifprimitive is available.
Package pdftexcmds Info: \pdfdraftmode found.
Package: pdfescape 2016/05/16 v1.14 Implements pdfTeX's escape features (HO)
Package: bigintcalc 2016/05/16 v1.4 Expandable calculations on big integers (HO
)
Package: bitset 2016/05/16 v1.2 Handle bit-vector datatype (HO)
Package: uniquecounter 2016/05/16 v1.3 Provide unlimited unique counter (HO)
)
Package hobsub Info: Skipping package `hobsub' (already loaded).
Package: letltxmacro 2016/05/16 v1.5 Let assignment for LaTeX macros (HO)
Package: hopatch 2016/05/16 v1.3 Wrapper for package hooks (HO)
Package: xcolor-patch 2016/05/16 xcolor patch
Package: atveryend 2016/05/16 v1.9 Hooks at the very end of document (HO)
Package atveryend Info: \enddocument detected (standard20110627).
Package: atbegshi 2016/06/09 v1.18 At begin shipout hook (HO)
Package: refcount 2016/05/16 v3.5 Data extraction from label references (HO)
Package: hycolor 2016/05/16 v1.8 Color options for hyperref/bookmark (HO)
)
("/Users/nmd02/Library/Application Support/MiKTeX/texmfs/install/tex/latex/ober
diek/auxhook.sty"
Package: auxhook 2016/05/16 v1.4 Hooks for auxiliary files (HO)
)
("/Users/nmd02/Library/Application Support/MiKTeX/texmfs/install/tex/latex/ober
diek/kvoptions.sty"
Package: kvoptions 2016/05/16 v3.12 Key value format for package options (HO)
)
\@linkdim=\dimen132
\Hy@linkcounter=\count100
\Hy@pagecounter=\count101

("/Users/nmd02/Library/Application Support/MiKTeX/texmfs/install/tex/latex/hype
rref/pd1enc.def"
File: pd1enc.def 2018/11/30 v6.88e Hyperref: PDFDocEncoding definition (HO)
Now handling font encoding PD1 ...
... no UTF-8 mapping file for font encoding PD1
)
\Hy@SavedSpaceFactor=\count102

("/Users/nmd02/Library/Application Support/MiKTeX/texmfs/install/tex/latex/00mi
ktex/hyperref.cfg"
File: hyperref.cfg 2002/06/06 v1.2 hyperref configuration of TeXLive
)
Package hyperref Info: Option `colorlinks' set `true' on input line 4393.


Package hyperref Warning: Option `pagecolor' is not available anymore.

Package hyperref Info: Option `pdfpagelabels' set `true' on input line 4393.
Package hyperref Info: Option `bookmarksnumbered' set `true' on input line 4393
.
Package hyperref Info: Hyper figures OFF on input line 4519.
Package hyperref Info: Link nesting OFF on input line 4524.
Package hyperref Info: Hyper index ON on input line 4527.
Package hyperref Info: Plain pages OFF on input line 4534.
Package hyperref Info: Backreferencing OFF on input line 4539.
Package hyperref Info: Implicit mode ON; LaTeX internals redefined.
Package hyperref Info: Bookmarks ON on input line 4772.
\c@Hy@tempcnt=\count103

("/Users/nmd02/Library/Application Support/MiKTeX/texmfs/install/tex/latex/url/
url.sty"
\Urlmuskip=\muskip10
Package: url 2013/09/16  ver 3.4  Verb mode for urls, etc.
)
LaTeX Info: Redefining \url on input line 5125.
\XeTeXLinkMargin=\dimen133
\Fld@menulength=\count104
\Field@Width=\dimen134
\Fld@charsize=\dimen135
Package hyperref Info: Hyper figures OFF on input line 6380.
Package hyperref Info: Link nesting OFF on input line 6385.
Package hyperref Info: Hyper index ON on input line 6388.
Package hyperref Info: backreferencing OFF on input line 6395.
Package hyperref Info: Link coloring ON on input line 6398.
Package hyperref Info: Link coloring with OCG OFF on input line 6405.
Package hyperref Info: PDF/A mode OFF on input line 6410.
LaTeX Info: Redefining \ref on input line 6450.
LaTeX Info: Redefining \pageref on input line 6454.
\Hy@abspage=\count105
\c@Item=\count106
\c@Hfootnote=\count107
)
Package hyperref Info: Driver (autodetected): hpdftex.

("/Users/nmd02/Library/Application Support/MiKTeX/texmfs/install/tex/latex/hype
rref/hpdftex.def"
File: hpdftex.def 2018/11/30 v6.88e Hyperref driver for pdfTeX
\Fld@listcount=\count108
\c@bookmark@seq@number=\count109

("/Users/nmd02/Library/Application Support/MiKTeX/texmfs/install/tex/latex/ober
diek/rerunfilecheck.sty"
Package: rerunfilecheck 2016/05/16 v1.8 Rerun checks for auxiliary files (HO)
Package uniquecounter Info: New unique counter `rerunfilecheck' on input line 2
82.
)
\Hy@SectionHShift=\skip43
)
("/Users/nmd02/Library/Application Support/MiKTeX/texmfs/install/tex/latex/xcol
or/xcolor.sty"
Package: xcolor 2016/05/11 v2.12 LaTeX color extensions (UK)

("/Users/nmd02/Library/Application Support/MiKTeX/texmfs/install/tex/latex/grap
hics-cfg/color.cfg"
File: color.cfg 2016/01/02 v1.6 sample color configuration
)
Package xcolor Info: Package option `usenames' ignored on input line 216.
Package xcolor Info: Driver file: pdftex.def on input line 225.

("/Users/nmd02/Library/Application Support/MiKTeX/texmfs/install/tex/latex/colo
rtbl/colortbl.sty"
Package: colortbl 2018/12/12 v1.0d Color table columns (DPC)

("/Users/nmd02/Library/Application Support/MiKTeX/texmfs/install/tex/latex/tool
s/array.sty"
Package: array 2018/12/30 v2.4k Tabular extension package (FMi)
\col@sep=\dimen136
\ar@mcellbox=\box27
\extrarowheight=\dimen137
\NC@list=\toks18
\extratabsurround=\skip44
\backup@length=\skip45
\ar@cellbox=\box28
)
\everycr=\toks19
\minrowclearance=\skip46
)
\rownum=\count110
Package xcolor Info: Model `cmy' substituted by `cmy0' on input line 1348.
Package xcolor Info: Model `hsb' substituted by `rgb' on input line 1352.
Package xcolor Info: Model `RGB' extended on input line 1364.
Package xcolor Info: Model `HTML' substituted by `rgb' on input line 1366.
Package xcolor Info: Model `Hsb' substituted by `hsb' on input line 1367.
Package xcolor Info: Model `tHsb' substituted by `hsb' on input line 1368.
Package xcolor Info: Model `HSB' substituted by `hsb' on input line 1369.
Package xcolor Info: Model `Gray' substituted by `gray' on input line 1370.
Package xcolor Info: Model `wave' substituted by `hsb' on input line 1371.

("/Users/nmd02/Library/Application Support/MiKTeX/texmfs/install/tex/latex/grap
hics/dvipsnam.def"
File: dvipsnam.def 2016/06/17 v3.0m Driver-dependent file (DPC,SPQR)
)
("/Users/nmd02/Library/Application Support/MiKTeX/texmfs/install/tex/latex/xcol
or/svgnam.def"
File: svgnam.def 2016/05/11 v2.12 Predefined colors according to SVG 1.1 (UK)
)) (nasutilsp.sty

LaTeX Warning: You have requested package `nasutilsp',
               but the package provides `nasutilspe'.

Package: nasutilspe 2018/10/30 NasUtil Package
\c@rccounter=\count111
\c@rgcounter=\count112

("/Users/nmd02/Library/Application Support/MiKTeX/texmfs/install/tex/latex/tcol
orbox/tcolorbox.sty"
Package: tcolorbox 2019/03/02 version 4.20 text color boxes

("/Users/nmd02/Library/Application Support/MiKTeX/texmfs/install/tex/latex/pgf/
basiclayer/pgf.sty"
("/Users/nmd02/Library/Application Support/MiKTeX/texmfs/install/tex/latex/pgf/
utilities/pgfrcs.sty"
("/Users/nmd02/Library/Application Support/MiKTeX/texmfs/install/tex/generic/pg
f/utilities/pgfutil-common.tex"
\pgfutil@everybye=\toks20
\pgfutil@tempdima=\dimen138
\pgfutil@tempdimb=\dimen139

("/Users/nmd02/Library/Application Support/MiKTeX/texmfs/install/tex/generic/pg
f/utilities/pgfutil-common-lists.tex"))
("/Users/nmd02/Library/Application Support/MiKTeX/texmfs/install/tex/generic/pg
f/utilities/pgfutil-latex.def"
\pgfutil@abb=\box29

("/Users/nmd02/Library/Application Support/MiKTeX/texmfs/install/tex/latex/ms/e
veryshi.sty"
Package: everyshi 2001/05/15 v3.00 EveryShipout Package (MS)
))
("/Users/nmd02/Library/Application Support/MiKTeX/texmfs/install/tex/generic/pg
f/utilities/pgfrcs.code.tex"
("/Users/nmd02/Library/Application Support/MiKTeX/texmfs/install/tex/generic/pg
f/pgf.revision.tex")
Package: pgfrcs 2019/01/05 v3.1 (3.1)
))
Package: pgf 2019/01/05 v3.1 (3.1)

("/Users/nmd02/Library/Application Support/MiKTeX/texmfs/install/tex/latex/pgf/
basiclayer/pgfcore.sty"
("/Users/nmd02/Library/Application Support/MiKTeX/texmfs/install/tex/latex/pgf/
systemlayer/pgfsys.sty"
("/Users/nmd02/Library/Application Support/MiKTeX/texmfs/install/tex/generic/pg
f/systemlayer/pgfsys.code.tex"
Package: pgfsys 2019/01/05 v3.1 (3.1)

("/Users/nmd02/Library/Application Support/MiKTeX/texmfs/install/tex/generic/pg
f/utilities/pgfkeys.code.tex"
\pgfkeys@pathtoks=\toks21
\pgfkeys@temptoks=\toks22

("/Users/nmd02/Library/Application Support/MiKTeX/texmfs/install/tex/generic/pg
f/utilities/pgfkeysfiltered.code.tex"
\pgfkeys@tmptoks=\toks23
))
\pgf@x=\dimen140
\pgf@y=\dimen141
\pgf@xa=\dimen142
\pgf@ya=\dimen143
\pgf@xb=\dimen144
\pgf@yb=\dimen145
\pgf@xc=\dimen146
\pgf@yc=\dimen147
\w@pgf@writea=\write3
\r@pgf@reada=\read1
\c@pgf@counta=\count113
\c@pgf@countb=\count114
\c@pgf@countc=\count115
\c@pgf@countd=\count116
\t@pgf@toka=\toks24
\t@pgf@tokb=\toks25
\t@pgf@tokc=\toks26
\pgf@sys@id@count=\count117

("/Users/nmd02/Library/Application Support/MiKTeX/texmfs/install/tex/generic/pg
f/systemlayer/pgf.cfg"
File: pgf.cfg 2019/01/05 v3.1 (3.1)
)
Driver file for pgf: pgfsys-pdftex.def

("/Users/nmd02/Library/Application Support/MiKTeX/texmfs/install/tex/generic/pg
f/systemlayer/pgfsys-pdftex.def"
File: pgfsys-pdftex.def 2019/01/05 v3.1 (3.1)

("/Users/nmd02/Library/Application Support/MiKTeX/texmfs/install/tex/generic/pg
f/systemlayer/pgfsys-common-pdf.def"
File: pgfsys-common-pdf.def 2019/01/05 v3.1 (3.1)
)))
("/Users/nmd02/Library/Application Support/MiKTeX/texmfs/install/tex/generic/pg
f/systemlayer/pgfsyssoftpath.code.tex"
File: pgfsyssoftpath.code.tex 2019/01/05 v3.1 (3.1)
\pgfsyssoftpath@smallbuffer@items=\count118
\pgfsyssoftpath@bigbuffer@items=\count119
)
("/Users/nmd02/Library/Application Support/MiKTeX/texmfs/install/tex/generic/pg
f/systemlayer/pgfsysprotocol.code.tex"
File: pgfsysprotocol.code.tex 2019/01/05 v3.1 (3.1)
))
("/Users/nmd02/Library/Application Support/MiKTeX/texmfs/install/tex/generic/pg
f/basiclayer/pgfcore.code.tex"
Package: pgfcore 2019/01/05 v3.1 (3.1)

("/Users/nmd02/Library/Application Support/MiKTeX/texmfs/install/tex/generic/pg
f/math/pgfmath.code.tex"
("/Users/nmd02/Library/Application Support/MiKTeX/texmfs/install/tex/generic/pg
f/math/pgfmathcalc.code.tex"
("/Users/nmd02/Library/Application Support/MiKTeX/texmfs/install/tex/generic/pg
f/math/pgfmathutil.code.tex")
("/Users/nmd02/Library/Application Support/MiKTeX/texmfs/install/tex/generic/pg
f/math/pgfmathparser.code.tex"
\pgfmath@dimen=\dimen148
\pgfmath@count=\count120
\pgfmath@box=\box30
\pgfmath@toks=\toks27
\pgfmath@stack@operand=\toks28
\pgfmath@stack@operation=\toks29
)
("/Users/nmd02/Library/Application Support/MiKTeX/texmfs/install/tex/generic/pg
f/math/pgfmathfunctions.code.tex"
("/Users/nmd02/Library/Application Support/MiKTeX/texmfs/install/tex/generic/pg
f/math/pgfmathfunctions.basic.code.tex")
("/Users/nmd02/Library/Application Support/MiKTeX/texmfs/install/tex/generic/pg
f/math/pgfmathfunctions.trigonometric.code.tex")
("/Users/nmd02/Library/Application Support/MiKTeX/texmfs/install/tex/generic/pg
f/math/pgfmathfunctions.random.code.tex")
("/Users/nmd02/Library/Application Support/MiKTeX/texmfs/install/tex/generic/pg
f/math/pgfmathfunctions.comparison.code.tex")
("/Users/nmd02/Library/Application Support/MiKTeX/texmfs/install/tex/generic/pg
f/math/pgfmathfunctions.base.code.tex")
("/Users/nmd02/Library/Application Support/MiKTeX/texmfs/install/tex/generic/pg
f/math/pgfmathfunctions.round.code.tex")
("/Users/nmd02/Library/Application Support/MiKTeX/texmfs/install/tex/generic/pg
f/math/pgfmathfunctions.misc.code.tex")
("/Users/nmd02/Library/Application Support/MiKTeX/texmfs/install/tex/generic/pg
f/math/pgfmathfunctions.integerarithmetics.code.tex")))
("/Users/nmd02/Library/Application Support/MiKTeX/texmfs/install/tex/generic/pg
f/math/pgfmathfloat.code.tex"
\c@pgfmathroundto@lastzeros=\count121
))
("/Users/nmd02/Library/Application Support/MiKTeX/texmfs/install/tex/generic/pg
f/basiclayer/pgfcorepoints.code.tex"
File: pgfcorepoints.code.tex 2019/01/05 v3.1 (3.1)
\pgf@picminx=\dimen149
\pgf@picmaxx=\dimen150
\pgf@picminy=\dimen151
\pgf@picmaxy=\dimen152
\pgf@pathminx=\dimen153
\pgf@pathmaxx=\dimen154
\pgf@pathminy=\dimen155
\pgf@pathmaxy=\dimen156
\pgf@xx=\dimen157
\pgf@xy=\dimen158
\pgf@yx=\dimen159
\pgf@yy=\dimen160
\pgf@zx=\dimen161
\pgf@zy=\dimen162
)
("/Users/nmd02/Library/Application Support/MiKTeX/texmfs/install/tex/generic/pg
f/basiclayer/pgfcorepathconstruct.code.tex"
File: pgfcorepathconstruct.code.tex 2019/01/05 v3.1 (3.1)
\pgf@path@lastx=\dimen163
\pgf@path@lasty=\dimen164
)
("/Users/nmd02/Library/Application Support/MiKTeX/texmfs/install/tex/generic/pg
f/basiclayer/pgfcorepathusage.code.tex"
File: pgfcorepathusage.code.tex 2019/01/05 v3.1 (3.1)
\pgf@shorten@end@additional=\dimen165
\pgf@shorten@start@additional=\dimen166
)
("/Users/nmd02/Library/Application Support/MiKTeX/texmfs/install/tex/generic/pg
f/basiclayer/pgfcorescopes.code.tex"
File: pgfcorescopes.code.tex 2019/01/05 v3.1 (3.1)
\pgfpic=\box31
\pgf@hbox=\box32
\pgf@layerbox@main=\box33
\pgf@picture@serial@count=\count122
)
("/Users/nmd02/Library/Application Support/MiKTeX/texmfs/install/tex/generic/pg
f/basiclayer/pgfcoregraphicstate.code.tex"
File: pgfcoregraphicstate.code.tex 2019/01/05 v3.1 (3.1)
\pgflinewidth=\dimen167
)
("/Users/nmd02/Library/Application Support/MiKTeX/texmfs/install/tex/generic/pg
f/basiclayer/pgfcoretransformations.code.tex"
File: pgfcoretransformations.code.tex 2019/01/05 v3.1 (3.1)
\pgf@pt@x=\dimen168
\pgf@pt@y=\dimen169
\pgf@pt@temp=\dimen170
)
("/Users/nmd02/Library/Application Support/MiKTeX/texmfs/install/tex/generic/pg
f/basiclayer/pgfcorequick.code.tex"
File: pgfcorequick.code.tex 2019/01/05 v3.1 (3.1)
)
("/Users/nmd02/Library/Application Support/MiKTeX/texmfs/install/tex/generic/pg
f/basiclayer/pgfcoreobjects.code.tex"
File: pgfcoreobjects.code.tex 2019/01/05 v3.1 (3.1)
)
("/Users/nmd02/Library/Application Support/MiKTeX/texmfs/install/tex/generic/pg
f/basiclayer/pgfcorepathprocessing.code.tex"
File: pgfcorepathprocessing.code.tex 2019/01/05 v3.1 (3.1)
)
("/Users/nmd02/Library/Application Support/MiKTeX/texmfs/install/tex/generic/pg
f/basiclayer/pgfcorearrows.code.tex"
File: pgfcorearrows.code.tex 2019/01/05 v3.1 (3.1)
\pgfarrowsep=\dimen171
)
("/Users/nmd02/Library/Application Support/MiKTeX/texmfs/install/tex/generic/pg
f/basiclayer/pgfcoreshade.code.tex"
File: pgfcoreshade.code.tex 2019/01/05 v3.1 (3.1)
\pgf@max=\dimen172
\pgf@sys@shading@range@num=\count123
)
("/Users/nmd02/Library/Application Support/MiKTeX/texmfs/install/tex/generic/pg
f/basiclayer/pgfcoreimage.code.tex"
File: pgfcoreimage.code.tex 2019/01/05 v3.1 (3.1)

("/Users/nmd02/Library/Application Support/MiKTeX/texmfs/install/tex/generic/pg
f/basiclayer/pgfcoreexternal.code.tex"
File: pgfcoreexternal.code.tex 2019/01/05 v3.1 (3.1)
\pgfexternal@startupbox=\box34
))
("/Users/nmd02/Library/Application Support/MiKTeX/texmfs/install/tex/generic/pg
f/basiclayer/pgfcorelayers.code.tex"
File: pgfcorelayers.code.tex 2019/01/05 v3.1 (3.1)
)
("/Users/nmd02/Library/Application Support/MiKTeX/texmfs/install/tex/generic/pg
f/basiclayer/pgfcoretransparency.code.tex"
File: pgfcoretransparency.code.tex 2019/01/05 v3.1 (3.1)
)
("/Users/nmd02/Library/Application Support/MiKTeX/texmfs/install/tex/generic/pg
f/basiclayer/pgfcorepatterns.code.tex"
File: pgfcorepatterns.code.tex 2019/01/05 v3.1 (3.1)
)
("/Users/nmd02/Library/Application Support/MiKTeX/texmfs/install/tex/generic/pg
f/basiclayer/pgfcorerdf.code.tex"
File: pgfcorerdf.code.tex 2019/01/05 v3.1 (3.1)
)))
("/Users/nmd02/Library/Application Support/MiKTeX/texmfs/install/tex/generic/pg
f/modules/pgfmoduleshapes.code.tex"
File: pgfmoduleshapes.code.tex 2019/01/05 v3.1 (3.1)
\pgfnodeparttextbox=\box35
)
("/Users/nmd02/Library/Application Support/MiKTeX/texmfs/install/tex/generic/pg
f/modules/pgfmoduleplot.code.tex"
File: pgfmoduleplot.code.tex 2019/01/05 v3.1 (3.1)
)
("/Users/nmd02/Library/Application Support/MiKTeX/texmfs/install/tex/latex/pgf/
compatibility/pgfcomp-version-0-65.sty"
Package: pgfcomp-version-0-65 2019/01/05 v3.1 (3.1)
\pgf@nodesepstart=\dimen173
\pgf@nodesepend=\dimen174
)
("/Users/nmd02/Library/Application Support/MiKTeX/texmfs/install/tex/latex/pgf/
compatibility/pgfcomp-version-1-18.sty"
Package: pgfcomp-version-1-18 2019/01/05 v3.1 (3.1)
))
("/Users/nmd02/Library/Application Support/MiKTeX/texmfs/install/tex/latex/tool
s/verbatim.sty"
Package: verbatim 2014/10/28 v1.5q LaTeX2e package for verbatim enhancements
\every@verbatim=\toks30
\verbatim@line=\toks31
\verbatim@in@stream=\read2
)
("/Users/nmd02/Library/Application Support/MiKTeX/texmfs/install/tex/latex/envi
ron/environ.sty"
Package: environ 2014/05/04 v0.3 A new way to define environments

("/Users/nmd02/Library/Application Support/MiKTeX/texmfs/install/tex/latex/trim
spaces/trimspaces.sty"
Package: trimspaces 2009/09/17 v1.1 Trim spaces around a token list
)
\@envbody=\toks32
)
("/Users/nmd02/Library/Application Support/MiKTeX/texmfs/install/tex/latex/etoo
lbox/etoolbox.sty"
Package: etoolbox 2018/08/19 v2.5f e-TeX tools for LaTeX (JAW)
\etb@tempcnta=\count124
)
\tcb@titlebox=\box36
\tcb@upperbox=\box37
\tcb@lowerbox=\box38
\tcb@phantombox=\box39
\c@tcbbreakpart=\count125
\c@tcblayer=\count126
\tcolorbox@number=\count127
\tcb@temp=\box40
\tcb@temp=\box41
\tcb@temp=\box42
\tcb@temp=\box43
\tcb@out=\write4
\tcb@record@out=\write5
))
("/Users/nmd02/Library/Application Support/MiKTeX/texmfs/install/tex/latex/lett
rine/lettrine.sty"
File: lettrine.sty 2018-08-28 v2.21 (Daniel Flipo)

("/Users/nmd02/Library/Application Support/MiKTeX/texmfs/install/tex/generic/mi
nifp/minifp.sty"
Package: minifp 2013/12/30 v0.96. Macros for real number operations and a stack
-based programing language.
\MFP@loopctr=\count128
)
\c@DefaultLines=\count129
\c@DefaultDepth=\count130
\DefaultFindent=\dimen175
\DefaultNindent=\dimen176
\DefaultSlope=\dimen177
\DiscardVskip=\dimen178
\L@lbox=\box44
\L@tbox=\box45
\c@L@lines=\count131
\c@L@depth=\count132
\L@Pindent=\dimen179
\L@Findent=\dimen180
\L@Nindent=\dimen181
\L@lraise=\dimen182
\L@first=\dimen183
\L@next=\dimen184
\L@slope=\dimen185
\L@height=\dimen186
\L@novskip=\dimen187
\L@target@ht=\dimen188
\L@target@dp=\dimen189
\L@target@tht=\dimen190
\LettrineWidth=\dimen191
\LettrineHeight=\dimen192
\LettrineDepth=\dimen193

Loading lettrine.cfg

("/Users/nmd02/Library/Application Support/MiKTeX/texmfs/install/tex/latex/lett
rine/lettrine.cfg"))
("/Users/nmd02/Library/Application Support/MiKTeX/texmfs/install/tex/latex/enum
item/enumitem.sty"
Package: enumitem 2019/01/14 v3.7 Customized lists
\labelindent=\skip47
\enit@outerparindent=\dimen194
\enit@toks=\toks33
\enit@inbox=\box46
\enit@count@id=\count133
\enitdp@description=\count134
)
("/Users/nmd02/Library/Application Support/MiKTeX/texmfs/install/tex/latex/subf
ig/subfig.sty"
Package: subfig 2005/06/28 ver: 1.3 subfig package
\c@KVtest=\count135
\sf@farskip=\skip48
\sf@captopadj=\dimen195
\sf@capskip=\skip49
\sf@nearskip=\skip50
\c@subfigure=\count136
\c@subfigure@save=\count137
\c@lofdepth=\count138
\c@subtable=\count139
\c@subtable@save=\count140
\c@lotdepth=\count141
\sf@top=\skip51
\sf@bottom=\skip52
) (BiblioInfo.tex) (Thesis.aux)
\openout1 = `Thesis.aux'.

LaTeX Font Info:    Checking defaults for OML/cmm/m/it on input line 52.
LaTeX Font Info:    ... okay on input line 52.
LaTeX Font Info:    Checking defaults for T1/cmr/m/n on input line 52.
LaTeX Font Info:    ... okay on input line 52.
LaTeX Font Info:    Checking defaults for OT1/cmr/m/n on input line 52.
LaTeX Font Info:    ... okay on input line 52.
LaTeX Font Info:    Checking defaults for OMS/cmsy/m/n on input line 52.
LaTeX Font Info:    ... okay on input line 52.
LaTeX Font Info:    Checking defaults for OMX/cmex/m/n on input line 52.
LaTeX Font Info:    ... okay on input line 52.
LaTeX Font Info:    Checking defaults for U/cmr/m/n on input line 52.
LaTeX Font Info:    ... okay on input line 52.
LaTeX Font Info:    Checking defaults for PD1/pdf/m/n on input line 52.
LaTeX Font Info:    ... okay on input line 52.
LaTeX Font Info:    Try loading font information for T1+ptm on input line 52.

("/Users/nmd02/Library/Application Support/MiKTeX/texmfs/install/tex/latex/psnf
ss/t1ptm.fd"
File: t1ptm.fd 2001/06/04 font definitions for T1/ptm.
)
\big@size=\dimen196

*geometry* driver: auto-detecting
*geometry* detected driver: pdftex
*geometry* verbose mode - [ preamble ] result:
* driver: pdftex
* paper: custom
* layout: <same size as paper>
* layoutoffset:(h,v)=(0.0pt,0.0pt)
* hratio: 1:1
* vratio:  9:11
* modes: twoside 
* h-part:(L,W,R)=(64.01869pt, 341.43306pt, 64.0187pt)
* v-part:(T,H,B)=(51.21483pt, 574.74567pt, 62.59619pt)
* \paperwidth=469.47046pt
* \paperheight=688.55669pt
* \textwidth=341.43306pt
* \textheight=574.74567pt
* \oddsidemargin=-8.2513pt
* \evensidemargin=-8.25128pt
* \topmargin=-52.92896pt
* \headheight=12.0pt
* \headsep=19.8738pt
* \topskip=11.0pt
* \footskip=27.46295pt
* \marginparwidth=106.0pt
* \marginparsep=7.0pt
* \columnsep=10.0pt
* \skip\footins=10.0pt plus 4.0pt minus 2.0pt
* \hoffset=0.0pt
* \voffset=0.0pt
* \mag=1000
* \@twocolumnfalse
* \@twosidetrue
* \@mparswitchtrue
* \@reversemarginfalse
* (1in=72.27pt=25.4mm, 1cm=28.453pt)


("/Users/nmd02/Library/Application Support/MiKTeX/texmfs/install/tex/latex/ms/r
agged2e.sty"
Package: ragged2e 2009/05/21 v2.1 ragged2e Package (MS)

("/Users/nmd02/Library/Application Support/MiKTeX/texmfs/install/tex/latex/ms/e
verysel.sty"
Package: everysel 2011/10/28 v1.2 EverySelectfont Package (MS)
 ABD: EverySelectfont initializing macros
LaTeX Info: Redefining \selectfont on input line 126.
)
\CenteringLeftskip=\skip53
\RaggedLeftLeftskip=\skip54
\RaggedRightLeftskip=\skip55
\CenteringRightskip=\skip56
\RaggedLeftRightskip=\skip57
\RaggedRightRightskip=\skip58
\CenteringParfillskip=\skip59
\RaggedLeftParfillskip=\skip60
\RaggedRightParfillskip=\skip61
\JustifyingParfillskip=\skip62
\CenteringParindent=\skip63
\RaggedLeftParindent=\skip64
\RaggedRightParindent=\skip65
\JustifyingParindent=\skip66
)
Package caption Info: float package v1.2 (or newer) detected on input line 52.
Package caption Info: listings package v1.2 (or newer) detected on input line 5
2.
Package caption Info: longtable package v3.15 (or newer) detected on input line
 52.
Package caption Info: rotating package v2.0 (or newer) detected on input line 5
2.
Package caption Info: sidecap package v1.4d (or newer) detected on input line 5
2.
Package caption Info: supertabular package detected on input line 52.

("/Users/nmd02/Library/Application Support/MiKTeX/texmfs/install/tex/context/ba
se/supp-pdf.mkii"
[Loading MPS to PDF converter (version 2006.09.02).]
\scratchcounter=\count142
\scratchdimen=\dimen197
\scratchbox=\box47
\nofMPsegments=\count143
\nofMParguments=\count144
\everyMPshowfont=\toks34
\MPscratchCnt=\count145
\MPscratchDim=\dimen198
\MPnumerator=\count146
\makeMPintoPDFobject=\count147
\everyMPtoPDFconversion=\toks35
)
("/Users/nmd02/Library/Application Support/MiKTeX/texmfs/install/tex/latex/ober
diek/epstopdf-base.sty"
Package: epstopdf-base 2016/05/15 v2.6 Base part for package epstopdf

("/Users/nmd02/Library/Application Support/MiKTeX/texmfs/install/tex/latex/ober
diek/grfext.sty"
Package: grfext 2016/05/16 v1.2 Manage graphics extensions (HO)
)
Package epstopdf-base Info: Redefining graphics rule for `.eps' on input line 4
38.
Package grfext Info: Graphics extension search list:
(grfext)             [.pdf,.png,.jpg,.mps,.jpeg,.jbig2,.jb2,.PDF,.PNG,.JPG,.JPE
G,.JBIG2,.JB2,.eps]
(grfext)             \AppendGraphicsExtensions on input line 456.
)
\AtBeginShipoutBox=\box48
Package hyperref Info: Link coloring ON on input line 52.

("/Users/nmd02/Library/Application Support/MiKTeX/texmfs/install/tex/latex/hype
rref/nameref.sty"
Package: nameref 2016/05/21 v2.44 Cross-referencing by name of section

("/Users/nmd02/Library/Application Support/MiKTeX/texmfs/install/tex/generic/ob
erdiek/gettitlestring.sty"
Package: gettitlestring 2016/05/16 v1.5 Cleanup title references (HO)
)
\c@section@level=\count148
)
LaTeX Info: Redefining \ref on input line 52.
LaTeX Info: Redefining \pageref on input line 52.
LaTeX Info: Redefining \nameref on input line 52.
 (Thesis.out) (Thesis.out)
\@outlinefile=\write6
\openout6 = `Thesis.out'.


ABD: EveryShipout initializing macros (Thesis.toc
LaTeX Font Info:    Calculating math sizes for size <11.04> on input line 2.
LaTeX Font Info:    Try loading font information for OT1+ztmcm on input line 2.


("/Users/nmd02/Library/Application Support/MiKTeX/texmfs/install/tex/latex/psnf
ss/ot1ztmcm.fd"
File: ot1ztmcm.fd 2000/01/03 Fontinst v1.801 font definitions for OT1/ztmcm.
)
LaTeX Font Info:    Try loading font information for OML+ztmcm on input line 2.


("/Users/nmd02/Library/Application Support/MiKTeX/texmfs/install/tex/latex/psnf
ss/omlztmcm.fd"
File: omlztmcm.fd 2000/01/03 Fontinst v1.801 font definitions for OML/ztmcm.
)
LaTeX Font Info:    Try loading font information for OMS+ztmcm on input line 2.


("/Users/nmd02/Library/Application Support/MiKTeX/texmfs/install/tex/latex/psnf
ss/omsztmcm.fd"
File: omsztmcm.fd 2000/01/03 Fontinst v1.801 font definitions for OMS/ztmcm.
)
LaTeX Font Info:    Try loading font information for OMX+ztmcm on input line 2.


("/Users/nmd02/Library/Application Support/MiKTeX/texmfs/install/tex/latex/psnf
ss/omxztmcm.fd"
File: omxztmcm.fd 2000/01/03 Fontinst v1.801 font definitions for OMX/ztmcm.
)
LaTeX Font Info:    Try loading font information for OT1+ptm on input line 2.

("/Users/nmd02/Library/Application Support/MiKTeX/texmfs/install/tex/latex/psnf
ss/ot1ptm.fd"
File: ot1ptm.fd 2001/06/04 font definitions for OT1/ptm.
)
LaTeX Font Info:    Font shape `OT1/ptm/bx/n' in size <11.04> not available
(Font)              Font shape `OT1/ptm/b/n' tried instead on input line 2.
LaTeX Font Info:    Font shape `OT1/ptm/bx/n' in size <8.16965> not available
(Font)              Font shape `OT1/ptm/b/n' tried instead on input line 2.
LaTeX Font Info:    Font shape `OT1/ptm/bx/n' in size <6.62405> not available
(Font)              Font shape `OT1/ptm/b/n' tried instead on input line 2.
)
\tf@toc=\write7
\openout7 = `Thesis.toc'.

 [1





{/Users/nmd02/Library/Application Support/MiKTeX/texmfs/data/pdftex/config/pdft
ex.map}] [2


] (Chapters/Introduction.tex
Chapter 1.
Package lettrine.sty Info: Targeted height = 18.68002pt
(lettrine.sty)             (no accent, loversize=0),
(lettrine.sty)             Lettrine height = 18.6801pt (R);
(lettrine.sty)             reported on input line 2.

Underfull \hbox (badness 3138) in paragraph at lines 2--3
\T1/ptm/m/n/11.04 which are bounded by \T1/ptm/m/it/11.04 deadline\T1/ptm/m/n/1
1.04 , besides correct results of the
 []


Underfull \hbox (badness 2119) in paragraph at lines 2--3
\T1/ptm/m/n/11.04 computations [[]]. They are applied in many \T1/ptm/m/it/11.0
4 safety-critical embedded
 []


Underfull \hbox (badness 1062) in paragraph at lines 2--3
\T1/ptm/m/n/11.04 26262 ``Road vehicles-Functional safety'' [[]]. The latter st
andard also
 []


Underfull \hbox (badness 1097) in paragraph at lines 4--5
[]\T1/ptm/m/n/11.04 In distributed computing [[]], the safety-critical software
 is mapped
 []


Underfull \hbox (badness 1418) in paragraph at lines 4--5
\T1/ptm/m/n/11.04 improve dependability of the system which requires additional
 critical
 []


Underfull \hbox (badness 1253) in paragraph at lines 6--7
\T1/ptm/m/n/11.04 etc [[]]. According to the ISO 26262 standard, semi-formal or
 formal
 []


Underfull \hbox (badness 1038) in paragraph at lines 6--7
\T1/ptm/m/n/11.04 natural language is the de facto method to specify embedded s
ystems
 []


Underfull \hbox (badness 1184) in paragraph at lines 6--7
\T1/ptm/m/n/11.04 requirements in industry because it is intuitive and expressi
ve, though
 []


Underfull \hbox (badness 2326) in paragraph at lines 6--7
\T1/ptm/m/n/11.04 e.g., requirements boilerplates [[]], property-specification 
systems [[]],
 []


Underfull \hbox (badness 2818) in paragraph at lines 6--7
\T1/ptm/m/n/11.04 etc., lack meta-model to effectively create templates, and is
 usually
 []


Underfull \vbox (badness 10000) has occurred while \output is active []

 [3


]
LaTeX Font Info:    Calculating math sizes for size <9.03> on input line 8.
LaTeX Font Info:    Font shape `OT1/ptm/bx/n' in size <9.03> not available
(Font)              Font shape `OT1/ptm/b/n' tried instead on input line 8.
LaTeX Font Info:    Font shape `OT1/ptm/bx/n' in size <6.68224> not available
(Font)              Font shape `OT1/ptm/b/n' tried instead on input line 8.
LaTeX Font Info:    Font shape `OT1/ptm/bx/n' in size <5.41805> not available
(Font)              Font shape `OT1/ptm/b/n' tried instead on input line 8.

Underfull \hbox (badness 2126) in paragraph at lines 8--9
[]\T1/ptm/m/n/11.04 The specifications are employed in subsequent system develo
pment
 []


Underfull \hbox (badness 1314) in paragraph at lines 8--9
\T1/ptm/m/n/11.04 including software design to verify the latter for correct fu
nctionality.
 []


Underfull \hbox (badness 6808) in paragraph at lines 8--9
\T1/ptm/m/n/11.04 development environment for multi-domain, multi-rate, discret
e and
 []


Underfull \hbox (badness 1019) in paragraph at lines 10--11
[]\T1/ptm/m/n/11.04 The software design should be mapped to hardware effectivel
y, that
 []


Underfull \hbox (badness 1622) in paragraph at lines 10--11
\T1/ptm/m/n/11.04 is satisfying the timing and reliability requirements of the 
distributed
 []


Underfull \hbox (badness 5607) in paragraph at lines 10--11
\T1/ptm/m/n/11.04 safety-critical software, but also efficiently to minimize th
e power
 []


Underfull \hbox (badness 1286) in paragraph at lines 10--11
\T1/ptm/m/n/11.04 consumption of the distributed system to facilitate extensibi
lity of the
 []


Underfull \hbox (badness 6775) in paragraph at lines 10--11
\T1/ptm/m/n/11.04 software by mapping redundant software functionality on diffe
rent
 []


Underfull \hbox (badness 1033) in paragraph at lines 10--11
\T1/ptm/m/n/11.04 map the distributed safety-critical software to a network of 
computing
 []


Overfull \vbox (2.06094pt too high) has occurred while \output is active []


Underfull \hbox (badness 10000) has occurred while \output is active
\T1/ptm/m/n/11.04 4
 []

[4]
LaTeX Font Info:    Try loading font information for OMS+ptm on input line 15.

("/Users/nmd02/Library/Application Support/MiKTeX/texmfs/install/tex/latex/psnf
ss/omsptm.fd"
File: omsptm.fd 
)
LaTeX Font Info:    Font shape `OMS/ptm/m/n' in size <11.04> not available
(Font)              Font shape `OMS/cmsy/m/n' tried instead on input line 15.
LaTeX Font Info:    Font shape `T1/ptm/bx/n' in size <11.04> not available
(Font)              Font shape `T1/ptm/b/n' tried instead on input line 15.

Underfull \hbox (badness 4168) in paragraph at lines 15--16
\T1/ptm/m/n/11.04 a fairly expressive, flexible yet structured and domain-speci
fic
 []


Underfull \hbox (badness 5331) in paragraph at lines 15--16
\T1/ptm/m/n/11.04 and rigorous analysis, respectively. The Boolean specificatio
ns
 []


Underfull \hbox (badness 3907) in paragraph at lines 15--16
\T1/ptm/m/n/11.04 and implements consistency-checking functionality, is integra
ted
 []


Underfull \hbox (badness 2012) in paragraph at lines 19--20
\T1/ptm/m/n/11.04 an integer-linear programming (ILP) model to the allocation o
f
 []


Underfull \hbox (badness 1571) in paragraph at lines 19--20
\T1/ptm/m/n/11.04 distributed software on the network of heterogeneous computin
g
 []

<images/softdevflow.pdf, id=178, 412.4208pt x 365.44528pt>
File: images/softdevflow.pdf Graphic file (type pdf)
<use images/softdevflow.pdf>
Package pdftex.def Info: images/softdevflow.pdf  used on input line 26.
(pdftex.def)             Requested size: 341.43306pt x 302.54997pt.
[5]
Underfull \hbox (badness 10000) has occurred while \output is active
\T1/ptm/m/n/11.04 6
 []

[6 <./images/softdevflow.pdf>]) (Chapters/Preliminary.tex [7] [8


]
Chapter 2.
) (Chapters/ResearchGoals.tex [9] [10


]
Chapter 3.

Underfull \hbox (badness 1371) in paragraph at lines 2--3
\T1/ptm/m/n/11.04 systems development at VGTT and Scania. Furthermore, the thes
is is
 []


Underfull \hbox (badness 10000) in paragraph at lines 5--7
[][]\T1/ptm/b/n/11.04 Overall Goal[] \T1/ptm/m/n/11.04 --- Provide assurance of
 safety-critical
 []


Underfull \hbox (badness 1460) in paragraph at lines 12--13
\T1/ptm/m/n/11.04 In the context of textual representations, the semi-formal sp
ecification
 []


Underfull \hbox (badness 4144) in paragraph at lines 12--13
\T1/ptm/m/n/11.04 methods are constrained natural languages, such as templates 
(e.g.,
 []


Underfull \hbox (badness 10000) in paragraph at lines 18--20
\T1/ptm/m/n/11.04 of natural-language requirements using domain-specific
 []

[11]
Underfull \hbox (badness 1496) in paragraph at lines 24--25
\T1/ptm/m/n/11.04 be analyzed in ensemble in order to detect errors that span m
ultiple
 []


Underfull \hbox (badness 2744) in paragraph at lines 27--29
[][]\T1/ptm/b/n/11.04 RG 2:[] \T1/ptm/m/n/11.04 --- Facilitate formal analysis 
of the requirements
 []


Underfull \hbox (badness 3803) in paragraph at lines 33--34
\T1/ptm/m/n/11.04 should conform to the requirements specifications. We conside
r the
 []


Underfull \hbox (badness 1661) in paragraph at lines 33--34
\T1/ptm/m/n/11.04 used model-based development environment in industry to model
 and
 []


Underfull \hbox (badness 1694) in paragraph at lines 33--34
\T1/ptm/m/n/11.04 simulate the behavior of multi-domain, discrete, continuous e
mbedded
 []


Underfull \vbox (badness 10000) has occurred while \output is active []


Underfull \hbox (badness 10000) has occurred while \output is active
\T1/ptm/m/n/11.04 12
 []

[12]
Underfull \hbox (badness 1755) in paragraph at lines 35--36
[]\T1/ptm/m/n/11.04 The de facto Simulink analysis techniques, e.g., by type ch
ecking,
 []


Underfull \hbox (badness 1163) in paragraph at lines 45--46
\T1/ptm/m/n/11.04 allocation plays a crucial role to minimize the power consump
tion of
 []


Underfull \hbox (badness 1072) in paragraph at lines 48--50
[][]\T1/ptm/b/n/11.04 RG 4:[] \T1/ptm/m/n/11.04 --- Minimize the power consumpt
ion of distributed
 []


Underfull \hbox (badness 1122) in paragraph at lines 52--53
\T1/ptm/m/n/11.04 of schedulability analysis and reliability calculations, whic
h makes the
 []

[13]
Underfull \hbox (badness 4492) in paragraph at lines 57--59
\T1/ptm/m/n/11.04 for the requirements specification, software allocation of
 []

) (Chapters/Contributions.tex
Underfull \hbox (badness 10000) has occurred while \output is active
\T1/ptm/m/n/11.04 14
 []

[14]
Chapter 4.
<images/approach_workflow.pdf, id=286, 434.62375pt x 177.66376pt>
File: images/approach_workflow.pdf Graphic file (type pdf)
<use images/approach_workflow.pdf>
Package pdftex.def Info: images/approach_workflow.pdf  used on input line 6.
(pdftex.def)             Requested size: 341.43306pt x 139.5775pt.

Underfull \hbox (badness 1237) in paragraph at lines 14--15
\T1/ptm/m/n/11.04 functionality is mapped to the underlying hardware architectu
re which
 []


LaTeX Warning: No positions in optional float specifier.
               Default added (so using `tbp') on input line 20.

LaTeX Font Info:    Calculating math sizes for size <10.04> on input line 21.
LaTeX Font Info:    Font shape `OT1/ptm/bx/n' in size <10.04> not available
(Font)              Font shape `OT1/ptm/b/n' tried instead on input line 21.
LaTeX Font Info:    Font shape `OT1/ptm/bx/n' in size <7.42964> not available
(Font)              Font shape `OT1/ptm/b/n' tried instead on input line 21.
LaTeX Font Info:    Font shape `OT1/ptm/bx/n' in size <6.02405> not available
(Font)              Font shape `OT1/ptm/b/n' tried instead on input line 21.
[15


 <./images/approach_workflow.pdf

pdfTeX warning: pdflatex (file ./images/approach_workflow.pdf): PDF inclusion: 
invalid other resource which is no dict (key 'ProcSets', type <array>); ignored
.
>]

LaTeX Warning: No positions in optional float specifier.
               Default added (so using `tbp') on input line 36.

LaTeX Font Info:    Try loading font information for T1+pcr on input line 40.

("/Users/nmd02/Library/Application Support/MiKTeX/texmfs/install/tex/latex/psnf
ss/t1pcr.fd"
File: t1pcr.fd 2001/06/04 font definitions for T1/pcr.
)
Underfull \hbox (badness 4726) in paragraph at lines 41--42
[]|\T1/ptm/m/n/10.04 instantiates a compound statement, e.g., \T1/pcr/m/n/10.04
 Compound :=
 []


LaTeX Warning: No positions in optional float specifier.
               Default added (so using `tbp') on input line 49.


Underfull \vbox (badness 10000) has occurred while \output is active []


Underfull \hbox (badness 10000) has occurred while \output is active
\T1/ptm/m/n/11.04 16
 []

[16]
Underfull \vbox (badness 1546) has occurred while \output is active []

 [17]
Underfull \hbox (badness 1635) in paragraph at lines 73--74
\T1/ptm/m/n/11.04 A Simulink model consists of functional blocks, which are mod
eling
 []


Underfull \hbox (badness 1430) in paragraph at lines 73--74
\T1/ptm/m/n/11.04 block, contains atomic blocks, and is used to create hierarch
y, hence
 []


LaTeX Warning: No positions in optional float specifier.
               Default added (so using `tbp') on input line 80.

<images/Continuous.pdf, id=328, 948.34299pt x 399.894pt>
File: images/Continuous.pdf Graphic file (type pdf)
<use images/Continuous.pdf>
Package pdftex.def Info: images/Continuous.pdf  used on input line 84.
(pdftex.def)             Requested size: 170.71652pt x 71.9839pt.
File: images/Continuous.pdf Graphic file (type pdf)
<use images/Continuous.pdf>
Package pdftex.def Info: images/Continuous.pdf  used on input line 87.
(pdftex.def)             Requested size: 170.71652pt x 71.9839pt.

Overfull \hbox (9.71523pt too wide) in paragraph at lines 84--88
 [][]  [][] 
 []


Underfull \hbox (badness 1577) in paragraph at lines 79--90
\T1/ptm/m/n/11.04 continuous blocks, respectively, thus providing a generic for
malization
 []

) (Chapters/ResearchMethod.tex
Underfull \hbox (badness 10000) has occurred while \output is active
\T1/ptm/m/n/11.04 18
 []

[18] [19 <./images/Continuous.pdf>] [20


]
Chapter 5.
) (Chapters/RelatedWork.tex [21] [22


]
Chapter 6.
) (Chapters/ConclusionsFutureWork.tex [23] [24


]
Chapter 7.
) [25] [26


] (Thesis.bbl
Underfull \hbox (badness 2368) in paragraph at lines 32--36
[]\T1/ptm/m/n/10.04 Alexander Clark, Chris Fox, and Shalom Lappin.  \T1/ptm/m/i
t/10.04 The Handbook of
 []


Underfull \hbox (badness 10000) in paragraph at lines 64--71
[]\T1/ptm/m/n/10.04 Predrag Filipovikj, Nesredin Mahmud, Raluca Marinescu, Guil
lermo
 []

[27


]
Underfull \hbox (badness 1661) in paragraph at lines 99--103
[]\T1/ptm/m/n/10.04 Hermann Kopetz.  Real-time systems: Design principles for d
istributed
 []

LaTeX Font Info:    Font shape `OMS/ptm/m/n' in size <10.04> not available
(Font)              Font shape `OMS/cmsy/m/n' tried instead on input line 110.

Underfull \hbox (badness 1281) in paragraph at lines 120--125
[]\T1/ptm/m/n/10.04 N Mahmud, C Seceleanu, and O Ljungkrantz.  ReSA Tool: Struc
tured
 []


Underfull \hbox (badness 5331) in paragraph at lines 120--125
\T1/ptm/m/it/10.04 Federated Conference on Computer Science and Information Sys
tems
 []


Underfull \hbox (badness 1509) in paragraph at lines 148--153
[]\T1/ptm/m/n/10.04 Nesredin Mahmud, Cristina Seceleanu, and Oscar Ljungkrantz.
  ReSA:
 []


Underfull \hbox (badness 10000) has occurred while \output is active
\T1/ptm/m/n/11.04 28
 []

[28]
Underfull \hbox (badness 2837) in paragraph at lines 161--167
\T1/ptm/m/n/10.04 step towards verification and synthesis from simulink/statefl
ow models.
 []


Underfull \hbox (badness 1314) in paragraph at lines 161--167
\T1/ptm/m/n/10.04 In \T1/ptm/m/it/10.04 Proceedings of the 14th international c
onference on Hybrid systems:
 []


Underfull \hbox (badness 1577) in paragraph at lines 180--185
\T1/ptm/m/n/10.04 The case of English and Russian.  \T1/ptm/m/it/10.04 Quarterl
y Journal of Experimental
 []


! Package inputenc Error: Keyboard character used is undefined
(inputenc)                in inputencoding `latin1'.

See the inputenc package documentation for explanation.
Type  H <return>  for immediate help.
 ...                                              
                                                  
l.187 Gerard O
                Regan.
You need to provide a definition with \DeclareInputText 
or \DeclareInputMath before using this key.


! Package inputenc Error: Keyboard character used is undefined
(inputenc)                in inputencoding `latin1'.

See the inputenc package documentation for explanation.
Type  H <return>  for immediate help.
 ...                                              
                                                  
l.187 Gerard O
                 Regan.
You need to provide a definition with \DeclareInputText 
or \DeclareInputMath before using this key.

) [29]
Package atveryend Info: Empty hook `BeforeClearDocument' on input line 96.
Package atveryend Info: Empty hook `AfterLastShipout' on input line 96.
 (Thesis.aux)
Package atveryend Info: Executing hook `AtVeryEndDocument' on input line 96.
Package atveryend Info: Executing hook `AtEndAfterFileList' on input line 96.
Package rerunfilecheck Info: File `Thesis.out' has not changed.
(rerunfilecheck)             Checksum: 04FCC226B4DE694C04F330C3B58A0F4C;1543.
Package atveryend Info: Empty hook `AtVeryVeryEnd' on input line 96.
 ) 
Here is how much of TeX's memory you used:
 18114 strings out of 494865
 342475 string characters out of 3176629
 425841 words of memory out of 3000000
 21272 multiletter control sequences out of 15000+200000
 79048 words of font info for 113 fonts, out of 3000000 for 9000
 0 hyphenation exceptions out of 8191
 61i,19n,75p,1822b,515s stack positions out of 5000i,500n,10000p,200000b,50000s
{/Users/nmd02/Library/Application Support/MiKTeX/texmfs/install/fonts/enc/dvi
ps/base/8r.enc}</Users/nmd02/Library/Application Support/MiKTeX/texmfs/install/
fonts/type1/public/amsfonts/cm/cmr10.pfb></Users/nmd02/Library/Application Supp
ort/MiKTeX/texmfs/install/fonts/type1/public/amsfonts/cm/cmsy10.pfb></Users/nmd
02/Library/Application Support/MiKTeX/texmfs/install/fonts/type1/urw/courier/uc
rr8a.pfb></Users/nmd02/Library/Application Support/MiKTeX/texmfs/install/fonts/
type1/urw/times/utmb8a.pfb></Users/nmd02/Library/Application Support/MiKTeX/tex
mfs/install/fonts/type1/urw/times/utmr8a.pfb></Users/nmd02/Library/Application 
Support/MiKTeX/texmfs/install/fonts/type1/urw/times/utmri8a.pfb>
Output written on Thesis.pdf (29 pages, 322413 bytes).
PDF statistics:
 431 PDF objects out of 1000 (max. 8388607)
 94 named destinations out of 1000 (max. 500000)
 196 words of extra memory for PDF output out of 10000 (max. 10000000)

