\BOOKMARK [0][-]{LOP.0}{List of Papers}{}% 1
\BOOKMARK [0][-]{chapter.1}{1 Introduction}{}% 2
\BOOKMARK [1][-]{section.1.1}{1.1 Thesis Outline Overview}{chapter.1}% 3
\BOOKMARK [0][-]{chapter.2}{2 Background}{}% 4
\BOOKMARK [1][-]{section.2.1}{2.1 Logic-based Reasoning}{chapter.2}% 5
\BOOKMARK [1][-]{section.2.2}{2.2 Simulink}{chapter.2}% 6
\BOOKMARK [1][-]{section.2.3}{2.3 Stochastic Timed Automata}{chapter.2}% 7
\BOOKMARK [1][-]{section.2.4}{2.4 Statistical Model Checking}{chapter.2}% 8
\BOOKMARK [1][-]{section.2.5}{2.5 Integer-linear Programming}{chapter.2}% 9
\BOOKMARK [1][-]{section.2.6}{2.6 Population-based Metaheuristics}{chapter.2}% 10
\BOOKMARK [0][-]{chapter.3}{3 Problem Formulation}{}% 11
\BOOKMARK [1][-]{section.3.1}{3.1 Research Goals}{chapter.3}% 12
\BOOKMARK [0][-]{chapter.4}{4 Thesis Contributions}{}% 13
\BOOKMARK [1][-]{section.4.1}{4.1 Design Workflow: Contributions Overview}{chapter.4}% 14
\BOOKMARK [1][-]{section.4.2}{4.2 Contr. 1: The ReSA Language}{chapter.4}% 15
\BOOKMARK [1][-]{section.4.3}{4.3 Contr. 2: Formal Analysis of ReSA Specifications}{chapter.4}% 16
\BOOKMARK [1][-]{section.4.4}{4.4 Contr. 3: Scalable Formal Analysis of Simulink Models}{chapter.4}% 17
\BOOKMARK [1][-]{section.4.5}{4.5 Contr. 4: ILP-based Software Allocation}{chapter.4}% 18
\BOOKMARK [1][-]{section.4.6}{4.6 Contr. 5: Metaheuristics-based Software Allocation}{chapter.4}% 19
\BOOKMARK [1][-]{section.4.7}{4.7 Paper Contributions}{chapter.4}% 20
\BOOKMARK [0][-]{chapter.5}{5 Research Method}{}% 21
\BOOKMARK [0][-]{chapter.6}{6 Related Work}{}% 22
\BOOKMARK [1][-]{section.6.1}{6.1 Requirements Specification and Analysis}{chapter.6}% 23
\BOOKMARK [1][-]{section.6.2}{6.2 Formal Analysis of Simulink Models}{chapter.6}% 24
\BOOKMARK [1][-]{section.6.3}{6.3 Software-to-Hardware Allocation}{chapter.6}% 25
\BOOKMARK [0][-]{chapter.7}{7 Conclusions and Future Work}{}% 26
\BOOKMARK [-1][-]{chapter*.30}{Bibliography}{}% 27
